1514476140185	geckodriver	INFO	geckodriver 0.19.1
1514476140257	geckodriver	INFO	Listening on 127.0.0.1:55852
1514476141284	mozrunner::runner	INFO	Running command: "/Applications/Firefox.app/Contents/MacOS/firefox-bin" "-marionette" "-profile" "/var/folders/p4/lwh_0b396fq9trhnw4fznvl00000gn/T/rust_mozprofile.ZkJ2mO0y363r"
1514476141916	Marionette	INFO	Enabled via --marionette
2017-12-28 07:49:02.771 plugin-container[19557:1055775] *** CFMessagePort: bootstrap_register(): failed 1100 (0x44c) 'Permission denied', port = 0x15303, name = 'com.apple.tsm.portname'
See /usr/include/servers/bootstrap_defs.h for the error codes.
2017-12-28 07:49:03.008 plugin-container[19557:1055775] *** CFMessagePort: bootstrap_register(): failed 1100 (0x44c) 'Permission denied', port = 0x15363, name = 'com.apple.coredrag'
See /usr/include/servers/bootstrap_defs.h for the error codes.
1514476143182	Marionette	INFO	Listening on port 55862
1514476143236	Marionette	WARN	TLS certificate errors will be ignored for this session
1514476143283	Marionette	DEBUG	Register listener.js for window 2147483649
1514476143323	Marionette	DEBUG	Received DOM event "beforeunload" for "about:blank"
1514476143339	Marionette	DEBUG	Received DOM event "pagehide" for "about:blank"
1514476143339	Marionette	DEBUG	Received DOM event "unload" for "about:blank"
1514476143345	Marionette	DEBUG	Received DOM event "DOMContentLoaded" for "http://localhost:8000/"
1514476143369	Marionette	DEBUG	Received DOM event "pageshow" for "http://localhost:8000/"
1514477058749	geckodriver	INFO	geckodriver 0.19.1
1514477058808	geckodriver	INFO	Listening on 127.0.0.1:56103
1514477059849	mozrunner::runner	INFO	Running command: "/Applications/Firefox.app/Contents/MacOS/firefox-bin" "-marionette" "-profile" "/var/folders/p4/lwh_0b396fq9trhnw4fznvl00000gn/T/rust_mozprofile.cbbGDp1YFtl4"
1514477060268	Marionette	INFO	Enabled via --marionette
2017-12-28 08:04:21.067 plugin-container[19905:1064835] *** CFMessagePort: bootstrap_register(): failed 1100 (0x44c) 'Permission denied', port = 0x15243, name = 'com.apple.tsm.portname'
See /usr/include/servers/bootstrap_defs.h for the error codes.
2017-12-28 08:04:21.222 plugin-container[19905:1064835] *** CFMessagePort: bootstrap_register(): failed 1100 (0x44c) 'Permission denied', port = 0x1522b, name = 'com.apple.coredrag'
See /usr/include/servers/bootstrap_defs.h for the error codes.
1514477061440	Marionette	INFO	Listening on port 56112
1514477061533	Marionette	WARN	TLS certificate errors will be ignored for this session
1514477061581	Marionette	DEBUG	Register listener.js for window 2147483649
1514477061593	Marionette	DEBUG	Received DOM event "beforeunload" for "about:blank"
1514477061614	Marionette	DEBUG	Received DOM event "pagehide" for "about:blank"
1514477061614	Marionette	DEBUG	Received DOM event "unload" for "about:blank"
1514477061619	Marionette	DEBUG	Received DOM event "DOMContentLoaded" for "http://localhost:8000/"
1514477061649	Marionette	DEBUG	Received DOM event "pageshow" for "http://localhost:8000/"
1514477061695	addons.xpi	WARN	Exception running bootstrap method shutdown on activity-stream@mozilla.org: [Exception... "Component returned failure code: 0x80004005 (NS_ERROR_FAILURE) [nsIObserverService.removeObserver]"  nsresult: "0x80004005 (NS_ERROR_FAILURE)"  location: "JS frame :: resource://activity-stream/lib/SnippetsFeed.jsm :: uninit :: line 123"  data: no] Stack trace: uninit()@resource://activity-stream/lib/SnippetsFeed.jsm:123 < onAction()@resource://activity-stream/lib/SnippetsFeed.jsm:138 < _middleware/</<()@resource://activity-stream/lib/Store.jsm:52 < Store/this[method]()@resource://activity-stream/lib/Store.jsm:31 < uninit()@resource://activity-stream/lib/Store.jsm:151 < uninit()@resource://activity-stream/lib/ActivityStream.jsm:266 < uninit()@resource://gre/modules/addons/XPIProvider.jsm -> jar:file:///Applications/Firefox.app/Contents/Resources/browser/features/activity-stream@mozilla.org.xpi!/bootstrap.js:80 < shutdown()@resource://gre/modules/addons/XPIProvider.jsm -> jar:file:///Applications/Firefox.app/Contents/Resources/browser/features/activity-stream@mozilla.org.xpi!/bootstrap.js:196 < callBootstrapMethod()@resource://gre/modules/addons/XPIProvider.jsm:4509 < observe()@resource://gre/modules/addons/XPIProvider.jsm:2281 < GeckoDriver.prototype.quit()@driver.js:3307 < despatch()@server.js:553 < execute()@server.js:527 < onPacket/<()@server.js:502 < onPacket()@server.js:501 < _onJSONObjectReady/<()@transport.js:501
1514524892387	geckodriver	INFO	geckodriver 0.19.1
1514524892452	geckodriver	INFO	Listening on 127.0.0.1:57995
1514524893504	mozrunner::runner	INFO	Running command: "/Applications/Firefox.app/Contents/MacOS/firefox-bin" "-marionette" "-profile" "/var/folders/p4/lwh_0b396fq9trhnw4fznvl00000gn/T/rust_mozprofile.ZWorHzKJK5XV"
1514524894158	Marionette	INFO	Enabled via --marionette
2017-12-28 21:21:34.987 plugin-container[23476:1203244] *** CFMessagePort: bootstrap_register(): failed 1100 (0x44c) 'Permission denied', port = 0x15133, name = 'com.apple.tsm.portname'
See /usr/include/servers/bootstrap_defs.h for the error codes.
2017-12-28 21:21:35.225 plugin-container[23476:1203244] *** CFMessagePort: bootstrap_register(): failed 1100 (0x44c) 'Permission denied', port = 0x151cf, name = 'com.apple.coredrag'
See /usr/include/servers/bootstrap_defs.h for the error codes.
1514524895417	Marionette	INFO	Listening on port 58004
1514524895456	Marionette	WARN	TLS certificate errors will be ignored for this session
1514524895505	Marionette	DEBUG	Register listener.js for window 2147483649
1514524895525	Marionette	DEBUG	Received DOM event "beforeunload" for "about:blank"
1514524895543	Marionette	DEBUG	Received DOM event "pagehide" for "about:blank"
1514524895543	Marionette	DEBUG	Received DOM event "unload" for "about:blank"
1514524895558	Marionette	DEBUG	Received DOM event "DOMContentLoaded" for "http://localhost:8000/"
1514524895559	Marionette	DEBUG	Received DOM event "pageshow" for "http://localhost:8000/"
1514524895621	addons.xpi	WARN	Exception running bootstrap method shutdown on activity-stream@mozilla.org: [Exception... "Component returned failure code: 0x80004005 (NS_ERROR_FAILURE) [nsIObserverService.removeObserver]"  nsresult: "0x80004005 (NS_ERROR_FAILURE)"  location: "JS frame :: resource://activity-stream/lib/SnippetsFeed.jsm :: uninit :: line 123"  data: no] Stack trace: uninit()@resource://activity-stream/lib/SnippetsFeed.jsm:123 < onAction()@resource://activity-stream/lib/SnippetsFeed.jsm:138 < _middleware/</<()@resource://activity-stream/lib/Store.jsm:52 < Store/this[method]()@resource://activity-stream/lib/Store.jsm:31 < uninit()@resource://activity-stream/lib/Store.jsm:151 < uninit()@resource://activity-stream/lib/ActivityStream.jsm:266 < uninit()@resource://gre/modules/addons/XPIProvider.jsm -> jar:file:///Applications/Firefox.app/Contents/Resources/browser/features/activity-stream@mozilla.org.xpi!/bootstrap.js:80 < shutdown()@resource://gre/modules/addons/XPIProvider.jsm -> jar:file:///Applications/Firefox.app/Contents/Resources/browser/features/activity-stream@mozilla.org.xpi!/bootstrap.js:196 < callBootstrapMethod()@resource://gre/modules/addons/XPIProvider.jsm:4509 < observe()@resource://gre/modules/addons/XPIProvider.jsm:2281 < GeckoDriver.prototype.quit()@driver.js:3307 < despatch()@server.js:553 < execute()@server.js:527 < onPacket/<()@server.js:502 < onPacket()@server.js:501 < _onJSONObjectReady/<()@transport.js:501
[GFX1-]: Receive IPC close with reason=AbnormalShutdown
1514526207031	geckodriver	INFO	geckodriver 0.19.1
1514526207088	geckodriver	INFO	Listening on 127.0.0.1:59012
1514526208122	mozrunner::runner	INFO	Running command: "/Applications/Firefox.app/Contents/MacOS/firefox-bin" "-marionette" "-profile" "/var/folders/p4/lwh_0b396fq9trhnw4fznvl00000gn/T/rust_mozprofile.B7bqh1jBd4aP"
1514526208573	Marionette	INFO	Enabled via --marionette
2017-12-28 21:43:29.355 plugin-container[23728:1220608] *** CFMessagePort: bootstrap_register(): failed 1100 (0x44c) 'Permission denied', port = 0x15303, name = 'com.apple.tsm.portname'
See /usr/include/servers/bootstrap_defs.h for the error codes.
2017-12-28 21:43:29.593 plugin-container[23728:1220608] *** CFMessagePort: bootstrap_register(): failed 1100 (0x44c) 'Permission denied', port = 0x15367, name = 'com.apple.coredrag'
See /usr/include/servers/bootstrap_defs.h for the error codes.
1514526209692	Marionette	INFO	Listening on port 59021
1514526209777	Marionette	WARN	TLS certificate errors will be ignored for this session
1514526209822	Marionette	DEBUG	Register listener.js for window 2147483649
1514526209859	Marionette	DEBUG	Received DOM event "beforeunload" for "about:blank"
1514526209870	Marionette	DEBUG	Received DOM event "pagehide" for "about:blank"
1514526209870	Marionette	DEBUG	Received DOM event "unload" for "about:blank"
1514526209874	Marionette	DEBUG	Received DOM event "DOMContentLoaded" for "http://localhost:8000/"
1514526209883	Marionette	DEBUG	Received DOM event "pageshow" for "http://localhost:8000/"
1514526209956	addons.xpi	WARN	Exception running bootstrap method shutdown on activity-stream@mozilla.org: [Exception... "Component returned failure code: 0x80004005 (NS_ERROR_FAILURE) [nsIObserverService.removeObserver]"  nsresult: "0x80004005 (NS_ERROR_FAILURE)"  location: "JS frame :: resource://activity-stream/lib/SnippetsFeed.jsm :: uninit :: line 123"  data: no] Stack trace: uninit()@resource://activity-stream/lib/SnippetsFeed.jsm:123 < onAction()@resource://activity-stream/lib/SnippetsFeed.jsm:138 < _middleware/</<()@resource://activity-stream/lib/Store.jsm:52 < Store/this[method]()@resource://activity-stream/lib/Store.jsm:31 < uninit()@resource://activity-stream/lib/Store.jsm:151 < uninit()@resource://activity-stream/lib/ActivityStream.jsm:266 < uninit()@resource://gre/modules/addons/XPIProvider.jsm -> jar:file:///Applications/Firefox.app/Contents/Resources/browser/features/activity-stream@mozilla.org.xpi!/bootstrap.js:80 < shutdown()@resource://gre/modules/addons/XPIProvider.jsm -> jar:file:///Applications/Firefox.app/Contents/Resources/browser/features/activity-stream@mozilla.org.xpi!/bootstrap.js:196 < callBootstrapMethod()@resource://gre/modules/addons/XPIProvider.jsm:4509 < observe()@resource://gre/modules/addons/XPIProvider.jsm:2281 < GeckoDriver.prototype.quit()@driver.js:3307 < despatch()@server.js:553 < execute()@server.js:527 < onPacket/<()@server.js:502 < onPacket()@server.js:501 < _onJSONObjectReady/<()@transport.js:501
[GFX1-]: Receive IPC close with reason=AbnormalShutdown
1514558755728	geckodriver	INFO	geckodriver 0.19.1
1514558755797	geckodriver	INFO	Listening on 127.0.0.1:60100
1514558756838	mozrunner::runner	INFO	Running command: "/Applications/Firefox.app/Contents/MacOS/firefox-bin" "-marionette" "-profile" "/var/folders/p4/lwh_0b396fq9trhnw4fznvl00000gn/T/rust_mozprofile.uZEAqezk3UBP"
1514558757539	Marionette	INFO	Enabled via --marionette
2017-12-29 06:45:58.369 plugin-container[24325:1253681] *** CFMessagePort: bootstrap_register(): failed 1100 (0x44c) 'Permission denied', port = 0xad0f, name = 'com.apple.tsm.portname'
See /usr/include/servers/bootstrap_defs.h for the error codes.
2017-12-29 06:45:58.607 plugin-container[24325:1253681] *** CFMessagePort: bootstrap_register(): failed 1100 (0x44c) 'Permission denied', port = 0xad6b, name = 'com.apple.coredrag'
See /usr/include/servers/bootstrap_defs.h for the error codes.
1514558758868	Marionette	INFO	Listening on port 60109
1514558758908	Marionette	WARN	TLS certificate errors will be ignored for this session
1514558758952	Marionette	DEBUG	Register listener.js for window 2147483649
1514558758976	Marionette	DEBUG	Received DOM event "beforeunload" for "about:blank"
1514558759003	Marionette	DEBUG	Received DOM event "pagehide" for "about:blank"
1514558759003	Marionette	DEBUG	Received DOM event "unload" for "about:blank"
1514558759007	Marionette	DEBUG	Received DOM event "DOMContentLoaded" for "http://localhost:8000/"
1514558759019	Marionette	DEBUG	Received DOM event "pageshow" for "http://localhost:8000/"
1514558759122	addons.xpi	WARN	Exception running bootstrap method shutdown on activity-stream@mozilla.org: [Exception... "Component returned failure code: 0x80004005 (NS_ERROR_FAILURE) [nsIObserverService.removeObserver]"  nsresult: "0x80004005 (NS_ERROR_FAILURE)"  location: "JS frame :: resource://activity-stream/lib/SnippetsFeed.jsm :: uninit :: line 123"  data: no] Stack trace: uninit()@resource://activity-stream/lib/SnippetsFeed.jsm:123 < onAction()@resource://activity-stream/lib/SnippetsFeed.jsm:138 < _middleware/</<()@resource://activity-stream/lib/Store.jsm:52 < Store/this[method]()@resource://activity-stream/lib/Store.jsm:31 < uninit()@resource://activity-stream/lib/Store.jsm:151 < uninit()@resource://activity-stream/lib/ActivityStream.jsm:266 < uninit()@resource://gre/modules/addons/XPIProvider.jsm -> jar:file:///Applications/Firefox.app/Contents/Resources/browser/features/activity-stream@mozilla.org.xpi!/bootstrap.js:80 < shutdown()@resource://gre/modules/addons/XPIProvider.jsm -> jar:file:///Applications/Firefox.app/Contents/Resources/browser/features/activity-stream@mozilla.org.xpi!/bootstrap.js:196 < callBootstrapMethod()@resource://gre/modules/addons/XPIProvider.jsm:4509 < observe()@resource://gre/modules/addons/XPIProvider.jsm:2281 < GeckoDriver.prototype.quit()@driver.js:3307 < despatch()@server.js:553 < execute()@server.js:527 < onPacket/<()@server.js:502 < onPacket()@server.js:501 < _onJSONObjectReady/<()@transport.js:501
[GFX1-]: Receive IPC close with reason=AbnormalShutdown
